This file contains any messages produced by compilers while
running configure, to aid debugging if configure makes a mistake.

It was created by salva-sql configure 1.0, which was
generated by GNU Autoconf 2.59.  Invocation command line was

  $ ./configure --with-user=salva

## --------- ##
## Platform. ##
## --------- ##

hostname = dev.fisica.unam.mx
uname -m = i386
uname -r = 3.8
uname -s = OpenBSD
uname -v = GENERIC#0

/usr/bin/uname -p = Intel(R) Pentium(R) 4 CPU 1.90GHz ("GenuineIntel" 686-class)
/bin/uname -X     = unknown

/bin/arch              = unknown
/usr/bin/arch -k       = OpenBSD.i386
/usr/convex/getsysinfo = unknown
hostinfo               = unknown
/bin/machine           = unknown
/usr/bin/oslevel       = unknown
/bin/universe          = unknown

PATH: ~/bin
PATH: /bin
PATH: /sbin
PATH: /usr/bin
PATH: /usr/sbin
PATH: /usr/local/bin
PATH: /usr/local/sbin
PATH: /usr/X11R6/bin
PATH: /usr/games
PATH: /usr/local/eclipse
PATH: .


## ----------- ##
## Core tests. ##
## ----------- ##

configure:1261: checking for createdb
configure:1277: found /usr/local/bin/createdb
configure:1287: result: createdb
configure:1307: checking for createuser
configure:1323: found /usr/local/bin/createuser
configure:1333: result: createuser
configure:1353: checking for createlang
configure:1369: found /usr/local/bin/createlang
configure:1379: result: createlang
configure:1399: checking for dropdb
configure:1415: found /usr/local/bin/dropdb
configure:1425: result: dropdb
configure:1445: checking for pg_dump
configure:1461: found /usr/local/bin/pg_dump
configure:1471: result: pg_dump
configure:1491: checking for pg_restore
configure:1507: found /usr/local/bin/pg_restore
configure:1517: result: pg_restore
configure:1537: checking for psql
configure:1553: found /usr/local/bin/psql
configure:1563: result: psql
configure:1579: checking for egrep
configure:1589: result: grep -E
configure:1605: checking for DB in salva
configure:1607: result: 
configure:1619: checking for USER in salva
configure:1621: result: 
configure:1632: checking for USEPASSWD in no
configure:1634: result: 
configure:1645: checking for ENCODING in SQL_ASCII
configure:1647: result: 
configure:1780: creating ./config.status

## ---------------------- ##
## Running config.status. ##
## ---------------------- ##

This file was extended by salva-sql config.status 1.0, which was
generated by GNU Autoconf 2.59.  Invocation command line was

  CONFIG_FILES    = 
  CONFIG_HEADERS  = 
  CONFIG_LINKS    = 
  CONFIG_COMMANDS = 
  $ ./config.status 

on dev.fisica.unam.mx

config.status:636: creating Makefile

## ---------------- ##
## Cache variables. ##
## ---------------- ##

ac_cv_env_build_alias_set=
ac_cv_env_build_alias_value=
ac_cv_env_host_alias_set=
ac_cv_env_host_alias_value=
ac_cv_env_target_alias_set=
ac_cv_env_target_alias_value=
ac_cv_prog_CREATEDB=createdb
ac_cv_prog_CREATELANG=createlang
ac_cv_prog_CREATEUSER=createuser
ac_cv_prog_DROPDB=dropdb
ac_cv_prog_PG_DUMP=pg_dump
ac_cv_prog_PG_RESTORE=pg_restore
ac_cv_prog_PSQL=psql
ac_cv_prog_egrep='grep -E'

## ----------------- ##
## Output variables. ##
## ----------------- ##

CREATEDB='createdb'
CREATELANG='createlang'
CREATEUSER='createuser'
DB='salva'
DEFS='-DPACKAGE_NAME=\"salva-sql\" -DPACKAGE_TARNAME=\"salva-sql\" -DPACKAGE_VERSION=\"1.0\" -DPACKAGE_STRING=\"salva-sql\ 1.0\" -DPACKAGE_BUGREPORT=\"alex@bsdcoders.org\" '
DROPDB='dropdb'
ECHO_C=''ECHO_N=''
ECHO_T=''
EGREP='grep -E'
ENCODING='SQL_ASCII'
LIBOBJS=''
LIBS=''
LTLIBOBJS=''
PACKAGE_BUGREPORT='alex@bsdcoders.org'
PACKAGE_NAME='salva-sql'
PACKAGE_STRING='salva-sql 1.0'
PACKAGE_TARNAME='salva-sql'
PACKAGE_VERSION='1.0'
PATH_SEPARATOR=':'
PG_DUMP='pg_dump'
PG_RESTORE='pg_restore'
PSQL='psql'
SHELL='/bin/sh'
USEPASSWD='no'
USER='salva'
bindir='${exec_prefix}/bin'
build_alias=''
datadir='${prefix}/share'
exec_prefix='${prefix}'
host_alias=''
includedir='${prefix}/include'
infodir='${prefix}/info'
libdir='${exec_prefix}/lib'
libexecdir='${exec_prefix}/libexec'
localstatedir='${prefix}/var'
mandir='${prefix}/man'
oldincludedir='/usr/include'
prefix='/usr/local'
program_transform_name='s,x,x,'
sbindir='${exec_prefix}/sbin'
sharedstatedir='${prefix}/com'
sysconfdir='${prefix}/etc'
target_alias=''

## ----------- ##
## confdefs.h. ##
## ----------- ##

#define PACKAGE_BUGREPORT "alex@bsdcoders.org"
#define PACKAGE_NAME "salva-sql"
#define PACKAGE_STRING "salva-sql 1.0"
#define PACKAGE_TARNAME "salva-sql"
#define PACKAGE_VERSION "1.0"

configure: exit 0
